                         SSSSSSSSSS    IIIIIIIIII   MM        MM  OOOOOOOOOOOO  NN        NN   CCCCCCCCCC   OOOOOOOOOOOO
                       SSSSSSSSSSSS   IIIIIIIIII   MMM      MMM  OOOOOOOOOOOO  NNN       NN  CCCCCCCCCCCC  OOOOOOOOOOOO
                      SS        SS       II       MMMM    MMMM  OO        OO  NNNN      NN  CC        CC  OO        OO
                     SS                 II       MM MM  MM MM  OO        OO  NN NN     NN  CC            OO        OO
                    SSS                II       MM  MMMM  MM  OO        OO  NN  NN    NN  CC            OO        OO
                    SSSSSSSSS         II       MM   MM   MM  OO        OO  NN   NN   NN  CC            OO        OO
                    SSSSSSSSS        II       MM        MM  OO        OO  NN    NN  NN  CC            OO        OO
                          SSS       II       MM        MM  OO        OO  NN     NN NN  CC            OO        OO
                          SS       II       MM        MM  OO        OO  NN      NNNN  CC            OO        OO
               SS        SS       II       MM        MM  OO        OO  NN       NNN  CC        CC  OO        OO
              SSSSSSSSSSSS   IIIIIIIIII   MM        MM  OOOOOOOOOOOO  NN        NN  CCCCCCCCCCCC  OOOOOOOOOOOO
              SSSSSSSSSS    IIIIIIIIII   MM        MM  OOOOOOOOOOOO  NN         N   CCCCCCCCCC   OOOOOOOOOOOO



                    JJJJJJJJJJ   2222222222        11        2222222222                                AAAAAAAAAA
                    JJJJJJJJJJ  222222222222      111       222222222222                              AAAAAAAAAAAA
                        JJ      22        22     1111       22        22                              AA        AA
                        JJ                22       11                 22                              AA        AA
                        JJ                22       11                 22                              AA        AA
                        JJ               22        11                22                               AAAAAAAAAAAA
                        JJ             22          11              22                                 AAAAAAAAAAAA
                        JJ           22            11            22                                   AA        AA
                  JJ    JJ         22              11          22                                     AA        AA
                  JJ    JJ       22                11        22                                       AA        AA
                  JJJJJJJJ      222222222222   1111111111   222222222222                              AA        AA
                   JJJJJJ       222222222222   1111111111   222222222222                              AA        AA


****A  START  JOB  212  SIMONCO   PAYRATE               ROOM        9.51.22 PM 18 MAY 24  PRINTER1  SYS HMVS  JOB  212  START  A****
                                                J E S 2   J O B   L O G


21.51.22 JOB  212  $HASP373 SIMONCO  STARTED - INIT  1 - CLASS A - SYS HMVS
21.51.22 JOB  212  IEF403I SIMONCO - STARTED - TIME=21.51.22
21.51.22 JOB  212  IEFACTRT COB     /IKFCBL00/00:00:00.06/00:00:00.15/00000/SIMONCO
21.51.22 JOB  212  IEFACTRT GO      /LOADER  /00:00:00.04/00:00:00.07/00000/SIMONCO
21.51.22 JOB  212  IEF404I SIMONCO - ENDED - TIME=21.51.22
21.51.22 JOB  212  $HASP395 SIMONCO  ENDED


------ JES2 JOB STATISTICS ------


 18 MAY 24 JOB EXECUTION DATE


        88 CARDS READ


       213 SYSOUT PRINT RECORDS


         0 SYSOUT PUNCH RECORDS


      0.00 MINUTES EXECUTION TIME
    1     //SIMONCO JOB (1),'PAYRATE',CLASS=A,MSGCLASS=A                          JOB  212
    2     //COBOL  EXEC PROC=COB2UCG,SYSOUT='*'
    3     XXCOBUCG PROC SYSOUT=A                                                  00000100
          ***     PROC FOR COBOL OS/VS 1.2.4                                      00000200
    4     XXCOB    EXEC  PGM=IKFCBL00                                             00000300
    5     XXSTEPLIB  DD  DSN=SIMON.COB.VSCOLIB,DISP=SHR                           00000400
    6     XXSYSPRINT DD  SYSOUT=&SYSOUT                                           00000500
    7     XXSYSPUNCH DD  SYSOUT=B                                                 00000600
    8     XXSYSUT1   DD  UNIT=SYSDA,SPACE=(CYL,(1,1))                             00000700
    9     XXSYSUT2   DD  UNIT=SYSDA,SPACE=(CYL,(1,1))                             00000800
   10     XXSYSUT3   DD  UNIT=SYSDA,SPACE=(CYL,(1,1))                             00000900
   11     XXSYSUT4   DD  UNIT=SYSDA,SPACE=(CYL,(1,1))                             00001000
   12     XXSYSLIN   DD  DSN=&&LOADSET,UNIT=SYSDA,DISP=(MOD,PASS),                00001100
          XX             SPACE=(TRK,(3,3)),DCB=BLKSIZE=800                        00001200
   13     //SYSIN   DD *
   14     XXGO     EXEC  PGM=LOADER,COND=(5,LT,COB)                               00001300
   15     XXSYSLIN   DD  DSN=&&LOADSET,DISP=(OLD,DELETE)                          00001400
   16     XXSYSLOUT  DD  SYSOUT=&SYSOUT                                           00001500
   17     XXSYSOUT   DD  SYSOUT=&SYSOUT                                           00001600
   18     XXSYSLIB   DD  DSN=SIMON.COB.VSCLLIB,DISP=SHR                           00001700
   19     //GO.INPUT DD *
   20     //GO.OUTPUT DD SYSOUT=*,
          //             DCB=(RECFM=FBA,LRECL=132,BLKSIZE=13200)
          //
 STMT NO. MESSAGE
-
    6     IEF653I SUBSTITUTION JCL - SYSOUT=*
   16     IEF653I SUBSTITUTION JCL - SYSOUT=*
   17     IEF653I SUBSTITUTION JCL - SYSOUT=*
IEF236I ALLOC. FOR SIMONCO COB COBOL
IEF237I 180  ALLOCATED TO STEPLIB
IEF237I 180  ALLOCATED TO SYS00120
IEF237I JES2 ALLOCATED TO SYSPRINT
IEF237I JES2 ALLOCATED TO SYSPUNCH
IEF237I 252  ALLOCATED TO SYSUT1
IEF237I 251  ALLOCATED TO SYSUT2
IEF237I 251  ALLOCATED TO SYSUT3
IEF237I 251  ALLOCATED TO SYSUT4
IEF237I 252  ALLOCATED TO SYSLIN
IEF237I JES2 ALLOCATED TO SYSIN
IEF142I SIMONCO COB COBOL - STEP WAS EXECUTED - COND CODE 0000
IEF285I   SIMON.COB.VSCOLIB                            KEPT          *--------0
IEF285I   VOL SER NOS= PUB000.
IEF285I   UCPUB000                                     KEPT          *--------0
IEF285I   VOL SER NOS= PUB000.
IEF285I   JES2.JOB00212.SO0103                         SYSOUT
IEF285I   JES2.JOB00212.SO0104                         SYSOUT
IEF285I   SYS24139.T215122.RA000.SIMONCO.R0000001      DELETED       *--------6
IEF285I   VOL SER NOS= WORK01.
IEF285I   SYS24139.T215122.RA000.SIMONCO.R0000002      DELETED       *--------6
IEF285I   VOL SER NOS= WORK00.
IEF285I   SYS24139.T215122.RA000.SIMONCO.R0000003      DELETED       *-------12
IEF285I   VOL SER NOS= WORK00.
IEF285I   SYS24139.T215122.RA000.SIMONCO.R0000004      DELETED       *--------6
IEF285I   VOL SER NOS= WORK00.
IEF285I   SYS24139.T215122.RA000.SIMONCO.LOADSET       PASSED        *--------8
IEF285I   VOL SER NOS= WORK01.
IEF285I   JES2.JOB00212.SI0101                         SYSIN
IEF373I STEP /COB     / START 24139.2151
IEF374I STEP /COB     / STOP  24139.2151 CPU    0MIN 00.05SEC SRB    0MIN 00.01SEC VIRT   136K SYS   212K
**** JOB NAME: SIMONCO  JOBCARD READ 2024/139 21:51:22 370/ 84 VS2 R03.8 HMVS ******************************************************
*                                                                                                                                  *
*  STEP NUMBER:          1  USER CORE:        136K  START TIME:   21:51:22     CPU TIME:    00:00:00.06  ACTIVE TIME:  00:00:00.09 *
*  STEP NAME:     COB       SYSTEM CORE:      212K  STOP TIME:    21:51:22     SRB TIME:    00:00:00.01  ALLOC TIME:   21:51:22    *
*  PROGRAM NAME:  IKFCBL00  REGION SIZE:      512K  ELAPSED TIME: 00:00:00.15  TCB TIME:    00:00:00.05  PROGRAM LOAD: 21:51:22    *
*  CONDITION CODE:   00000  PERFORMANCE GROUP: 004                                                                                 *
*                           JES2 CARDS:          6       SERVICE UNITS  PAGES IN/OUT  # SWAPS  PAGES SWAP IN/OUT  VIO PAGES IN/OUT *
*                                                                  243      0 /    0        0           0 /    0          0 /    0 *
*                                                                                                                                  *
*   ADDR/UNIT I/O COUNT  ADDR/UNIT I/O COUNT  ADDR/UNIT I/O COUNT  ADDR/UNIT I/O COUNT  ADDR/UNIT I/O COUNT  ADDR/UNIT I/O COUNT   *
*   180/D3380         0  180/D3380         0  252/D3350         6  251/D3350         6  251/D3350        12  251/D3350         6   *
*   252/D3350         8                                                                                                            *
************************************************************************************************************************************
IEF236I ALLOC. FOR SIMONCO GO COBOL
IEF237I 252  ALLOCATED TO SYSLIN
IEF237I JES2 ALLOCATED TO SYSLOUT
IEF237I JES2 ALLOCATED TO SYSOUT
IEF237I 180  ALLOCATED TO SYSLIB
IEF237I 180  ALLOCATED TO SYS00122
IEF237I JES2 ALLOCATED TO INPUT
IEF237I JES2 ALLOCATED TO OUTPUT
IEF142I SIMONCO GO COBOL - STEP WAS EXECUTED - COND CODE 0000
IEF285I   SYS24139.T215122.RA000.SIMONCO.LOADSET       DELETED       *--------9
IEF285I   VOL SER NOS= WORK01.
IEF285I   JES2.JOB00212.SO0105                         SYSOUT
IEF285I   JES2.JOB00212.SO0106                         SYSOUT
IEF285I   SIMON.COB.VSCLLIB                            KEPT          *-------62
IEF285I   VOL SER NOS= PUB000.
IEF285I   UCPUB000                                     KEPT          *--------0
IEF285I   VOL SER NOS= PUB000.
IEF285I   JES2.JOB00212.SI0102                         SYSIN
IEF285I   JES2.JOB00212.SO0107                         SYSOUT
IEF373I STEP /GO      / START 24139.2151
IEF374I STEP /GO      / STOP  24139.2151 CPU    0MIN 00.03SEC SRB    0MIN 00.01SEC VIRT   332K SYS   216K
************************************************************************************************************************************
*                                                                                                                                  *
*  STEP NUMBER:          2  USER CORE:        332K  START TIME:   21:51:22     CPU TIME:    00:00:00.04  ACTIVE TIME:  00:00:00.04 *
*  STEP NAME:     GO        SYSTEM CORE:      216K  STOP TIME:    21:51:22     SRB TIME:    00:00:00.01  ALLOC TIME:   21:51:22    *
*  PROGRAM NAME:  LOADER    REGION SIZE:      512K  ELAPSED TIME: 00:00:00.07  TCB TIME:    00:00:00.03  PROGRAM LOAD: 21:51:22    *
*  CONDITION CODE:   00000  PERFORMANCE GROUP: 004                                                                                 *
*                           JES2 CARDS:          1       SERVICE UNITS  PAGES IN/OUT  # SWAPS  PAGES SWAP IN/OUT  VIO PAGES IN/OUT *
*                                                                  402      0 /    0        0           0 /    0          0 /    0 *
*                                                                                                                                  *
*   ADDR/UNIT I/O COUNT  ADDR/UNIT I/O COUNT  ADDR/UNIT I/O COUNT  ADDR/UNIT I/O COUNT  ADDR/UNIT I/O COUNT  ADDR/UNIT I/O COUNT   *
*   252/D3350         9  180/D3380        62  180/D3380         0                                                                  *
************************************************************************************************************************************
IEF375I  JOB /SIMONCO / START 24139.2151
IEF376I  JOB /SIMONCO / STOP  24139.2151 CPU    0MIN 00.08SEC SRB    0MIN 00.02SEC
PP 5740-CB1 RELEASE 2.4                              IBM OS/VS COBOL  JULY  1, 1982          21.51.22  DATE MAY 18,1924


   1                        21.51.22        MAY 18,1924


00001          IDENTIFICATION DIVISION.
00002          PROGRAM-ID. PAYRATE.
00003          AUTHOR. SIMON SULSER.
00004          DATE-WRITTEN. MAY 18,1924.
00005          DATE-COMPILED. MAY 18,1924.
00006         *
00007          ENVIRONMENT DIVISION.
00008          CONFIGURATION SECTION.
00009          SOURCE-COMPUTER. IBM-370.
00010          OBJECT-COMPUTER. IBM-370.
00011         *
00012          INPUT-OUTPUT SECTION.
00013          FILE-CONTROL.
00014              SELECT PAY-FILE ASSIGN TO UT-S-INPUT.
00015              SELECT PRINT-FILE ASSIGN TO UT-S-OUTPUT.
00016         *
00017          DATA DIVISION.
00018          FILE SECTION.
00019          FD  PAY-FILE
00020              LABEL RECORD IS OMITTED.
00021          01  PAY-RECORD.
00022              05  EMP-NAME-IN             PIC X(25).
00023              05  EMP-ID-IN               PIC X(10).
00024              05  EMP-DEPARTEMENT-IN      PIC X(15).
00025              05  EMP-RATE-OF-PAY-IN      PIC 99V99.
00026              05  FILLER                  PIC X(26).
00027         *

00028          FD  PRINT-FILE
00029              LABEL RECORD IS OMITTED.
00030          01  PRINT-LINE.
00031              05  FILLER                  PIC X(21).
00032              05  EMP-NAME-OUT            PIC X(25).
00033              05  FILLER                  PIC X(5).
00034              05  EMP-ID-OUT              PIC X(10).
00035              05  FILLER                  PIC X(10).
00036              05  EMP-DEPARTEMENT-OUT     PIC X(15).
00037              05  FILLER                  PIC X(5).
00038              05  EMP-RATE-OF-PAY-OUT     PIC $99.99.
00039         *
00040          WORKING-STORAGE SECTION.
00041         *
00042          PROCEDURE DIVISION.
00043          000-MAIN.
00044              PERFORM INITIALIZATION.
00045              PERFORM READ-AND-PRINT 15 TIMES.
00046              PERFORM CLOSING.
00047              STOP RUN.
00048         *
00049          INITIALIZATION.
00050              OPEN INPUT PAY-FILE,
00051                   OUTPUT PRINT-FILE.
00052         *
00053          READ-AND-PRINT.
00054              MOVE SPACES TO PRINT-LINE.
   2        PAYRATE         21.51.22        MAY 18,1924


00055              READ PAY-FILE

00056                  AT END STOP RUN.
00057              MOVE EMP-NAME-IN TO EMP-NAME-OUT.
00058              MOVE EMP-ID-IN TO EMP-ID-OUT.
00059              MOVE EMP-DEPARTEMENT-IN TO EMP-DEPARTEMENT-OUT.
00060              MOVE EMP-RATE-OF-PAY-IN TO EMP-RATE-OF-PAY-OUT.
00061              WRITE PRINT-LINE.
00062         *
00063          CLOSING.
00064              CLOSE PAY-FILE, PRINT-FILE.
   3        PAYRATE         21.51.22        MAY 18,1924



*STATISTICS*     SOURCE RECORDS =    64     DATA DIVISION STATEMENTS =    17     PROCEDURE DIVISION STATEMENTS =    14
*OPTIONS IN EFFECT*     SIZE =  131072  BUF =   12288  LINECNT = 57  SPACE1, FLAGW,   SEQ,   SOURCE

*OPTIONS IN EFFECT*     NODMAP, NOPMAP, NOCLIST, NOSUPMAP, NOXREF, NOSXREF,   LOAD, NODECK, QUOTE, NOTRUNC, NOFLOW
*OPTIONS IN EFFECT*     NOTERM, NONUM, NOBATCH, NONAME, COMPILE=01, NOSTATE, NORESIDENT, NODYNAM, NOLIB, NOSYNTAX
*OPTIONS IN EFFECT*     NOOPTIMIZE, NOSYMDMP, NOTEST,   VERB,   ZWB, SYST, NOENDJOB, NOLVL
*OPTIONS IN EFFECT*     NOLST , NOFDECK,NOCDECK, LCOL2,  L120,   DUMP ,   ADV , NOPRINT,
*OPTIONS IN EFFECT*     NOCOUNT, NOVBSUM, NOVBREF, LANGLVL(2)

                                                      VS LOADER

OPTIONS USED - PRINT,NOMAP,NOLET,CALL,RES,NOTERM,SIZE=307200,NAME=**GO

  TOTAL LENGTH     2000
  ENTRY ADDRESS   9C010



                    JOSHUA WATSON                 447-221-88          BUDGET CONTROL      $48.56
                    LAUREN RODRIGUEZ              123-456-87          MARKETING           $50.00
                    NATHAN SCOTT                  654-852-85          ACCOUNTING          $75.00
                    BENJAMIN PEREZ                159-753-56          STRATEGIES          $56.00
                    ASHLEY WARD                   612-782-12          OPERATIONS          $62.50
                    EVELYN BELL                   963-852-45          PLANNING SPC        $58.75
                    GABRIEL ANDERSON              854-698-14          RESEARCH            $56.87
                    TIMOTHY CARTER                654-852-99          BRAND DIRECTOR      $63.52
                    OLIVER MOORE                  112-254-56          MARKETING           $53.45
                    OWEN WOOD                     787-584-55          IT SERVICES         $65.41
                    ROBERT ROSS                   446-187-53          RESEARCH            $59.88
                    HEATHER THOMAS                268-471-77          IT SERVICES         $57.84
                    MEGAN SANDERS                 784-885-69          ACCOUNTING          $65.82
                    AUBREY COLLINS                456-753-12          RESEARCH            $58.74
                    JAMES WASHINGTON              574-698-55          FINANCE MANAGER     $85.00

                         SSSSSSSSSS    IIIIIIIIII   MM        MM  OOOOOOOOOOOO  NN        NN   CCCCCCCCCC   OOOOOOOOOOOO
                       SSSSSSSSSSSS   IIIIIIIIII   MMM      MMM  OOOOOOOOOOOO  NNN       NN  CCCCCCCCCCCC  OOOOOOOOOOOO
                      SS        SS       II       MMMM    MMMM  OO        OO  NNNN      NN  CC        CC  OO        OO
                     SS                 II       MM MM  MM MM  OO        OO  NN NN     NN  CC            OO        OO
                    SSS                II       MM  MMMM  MM  OO        OO  NN  NN    NN  CC            OO        OO
                    SSSSSSSSS         II       MM   MM   MM  OO        OO  NN   NN   NN  CC            OO        OO
                    SSSSSSSSS        II       MM        MM  OO        OO  NN    NN  NN  CC            OO        OO
                          SSS       II       MM        MM  OO        OO  NN     NN NN  CC            OO        OO
                          SS       II       MM        MM  OO        OO  NN      NNNN  CC            OO        OO
               SS        SS       II       MM        MM  OO        OO  NN       NNN  CC        CC  OO        OO
              SSSSSSSSSSSS   IIIIIIIIII   MM        MM  OOOOOOOOOOOO  NN        NN  CCCCCCCCCCCC  OOOOOOOOOOOO
              SSSSSSSSSS    IIIIIIIIII   MM        MM  OOOOOOOOOOOO  NN         N   CCCCCCCCCC   OOOOOOOOOOOO



                    JJJJJJJJJJ   2222222222        11        2222222222                                AAAAAAAAAA
                    JJJJJJJJJJ  222222222222      111       222222222222                              AAAAAAAAAAAA
                        JJ      22        22     1111       22        22                              AA        AA
                        JJ                22       11                 22                              AA        AA
                        JJ                22       11                 22                              AA        AA
                        JJ               22        11                22                               AAAAAAAAAAAA
                        JJ             22          11              22                                 AAAAAAAAAAAA
                        JJ           22            11            22                                   AA        AA
                  JJ    JJ         22              11          22                                     AA        AA
                  JJ    JJ       22                11        22                                       AA        AA
                  JJJJJJJJ      222222222222   1111111111   222222222222                              AA        AA
                   JJJJJJ       222222222222   1111111111   222222222222                              AA        AA


****A   END   JOB  212  SIMONCO   PAYRATE               ROOM        9.51.22 PM 18 MAY 24  PRINTER1  SYS HMVS  JOB  212   END   A****